<?xml version="1.0" encoding="UTF-8"?>
<!-- Generated by org.testng.reporters.JUnitXMLReporter -->
<testsuite ignored="0" hostname="Jabeens-MacBook-Air.local" failures="1" tests="1" name="NN Consumers HomePage Regression" time="48.287" errors="0" timestamp="25 Feb 2021 00:31:48 GMT">
  <testcase classname="com.NordicNaturals.TestCases.TC_001_HomePageLinkValidationTest" name="Test_HomePage_LinksSatus" time="40.272">
    <failure type="java.lang.AssertionError" message="expected [Success] but found [Sucess]">
      <![CDATA[java.lang.AssertionError: expected [Success] but found [Sucess]
at com.NordicNaturals.TestCases.TC_001_HomePageLinkValidationTest.Test_HomePage_LinksSatus(TC_001_HomePageLinkValidationTest.java:45)
... Removed 31 stack frames]]>
    </failure>
  </testcase> <!-- Test_HomePage_LinksSatus -->
</testsuite> <!-- NN Consumers HomePage Regression -->
