<?xml version="1.0" encoding="UTF-8"?>
<testng-results ignored="0" total="1" passed="0" failed="1" skipped="0">
  <reporter-output>
  </reporter-output>
  <suite started-at="2021-02-25T00:31:00Z" name="Suite" finished-at="2021-02-25T00:31:48Z" duration-ms="48287">
    <groups>
    </groups>
    <test started-at="2021-02-25T00:31:00Z" name="NN Consumers HomePage Regression" finished-at="2021-02-25T00:31:48Z" duration-ms="48287">
      <class name="com.NordicNaturals.TestCases.TC_001_HomePageLinkValidationTest">
        <test-method is-config="true" signature="setup()[pri:0, instance:com.NordicNaturals.TestCases.TC_001_HomePageLinkValidationTest@587e5365]" started-at="2021-02-25T00:31:00Z" name="setup" finished-at="2021-02-25T00:31:06Z" duration-ms="6583" status="PASS">
          <reporter-output>
          </reporter-output>
        </test-method> <!-- setup -->
        <test-method signature="Test_HomePage_LinksSatus()[pri:0, instance:com.NordicNaturals.TestCases.TC_001_HomePageLinkValidationTest@587e5365]" started-at="2021-02-25T00:31:06Z" name="Test_HomePage_LinksSatus" finished-at="2021-02-25T00:31:47Z" duration-ms="40272" status="FAIL">
          <exception class="java.lang.AssertionError">
            <message>
              <![CDATA[expected [Success] but found [Sucess]]]>
            </message>
            <full-stacktrace>
              <![CDATA[java.lang.AssertionError: expected [Success] but found [Sucess]
at org.testng.Assert.fail(Assert.java:96)
at org.testng.Assert.failNotEquals(Assert.java:776)
at org.testng.Assert.assertEqualsImpl(Assert.java:137)
at org.testng.Assert.assertEquals(Assert.java:118)
at org.testng.Assert.assertEquals(Assert.java:453)
at org.testng.Assert.assertEquals(Assert.java:463)
at com.NordicNaturals.TestCases.TC_001_HomePageLinkValidationTest.Test_HomePage_LinksSatus(TC_001_HomePageLinkValidationTest.java:45)
at java.base/jdk.internal.reflect.NativeMethodAccessorImpl.invoke0(Native Method)
at java.base/jdk.internal.reflect.NativeMethodAccessorImpl.invoke(NativeMethodAccessorImpl.java:64)
at java.base/jdk.internal.reflect.DelegatingMethodAccessorImpl.invoke(DelegatingMethodAccessorImpl.java:43)
at java.base/java.lang.reflect.Method.invoke(Method.java:564)
at org.testng.internal.MethodInvocationHelper.invokeMethod(MethodInvocationHelper.java:124)
at org.testng.internal.Invoker.invokeMethod(Invoker.java:583)
at org.testng.internal.Invoker.invokeTestMethod(Invoker.java:719)
at org.testng.internal.Invoker.invokeTestMethods(Invoker.java:989)
at org.testng.internal.TestMethodWorker.invokeTestMethods(TestMethodWorker.java:125)
at org.testng.internal.TestMethodWorker.run(TestMethodWorker.java:109)
at org.testng.TestRunner.privateRun(TestRunner.java:648)
at org.testng.TestRunner.run(TestRunner.java:505)
at org.testng.SuiteRunner.runTest(SuiteRunner.java:455)
at org.testng.SuiteRunner.runSequentially(SuiteRunner.java:450)
at org.testng.SuiteRunner.privateRun(SuiteRunner.java:415)
at org.testng.SuiteRunner.run(SuiteRunner.java:364)
at org.testng.SuiteRunnerWorker.runSuite(SuiteRunnerWorker.java:52)
at org.testng.SuiteRunnerWorker.run(SuiteRunnerWorker.java:84)
at org.testng.TestNG.runSuitesSequentially(TestNG.java:1208)
at org.testng.TestNG.runSuitesLocally(TestNG.java:1137)
at org.testng.TestNG.runSuites(TestNG.java:1049)
at org.testng.TestNG.run(TestNG.java:1017)
at org.testng.remote.AbstractRemoteTestNG.run(AbstractRemoteTestNG.java:115)
at org.testng.remote.RemoteTestNG.initAndRun(RemoteTestNG.java:251)
at org.testng.remote.RemoteTestNG.main(RemoteTestNG.java:77)
]]>
            </full-stacktrace>
          </exception> <!-- java.lang.AssertionError -->
          <reporter-output>
          </reporter-output>
        </test-method> <!-- Test_HomePage_LinksSatus -->
        <test-method is-config="true" signature="tearDown(org.testng.ITestResult)[pri:0, instance:com.NordicNaturals.TestCases.TC_001_HomePageLinkValidationTest@587e5365]" started-at="2021-02-25T00:31:47Z" name="tearDown" finished-at="2021-02-25T00:31:48Z" duration-ms="1402" status="PASS">
          <params>
            <param index="0">
              <value>
                <![CDATA[[TestResult name=Test_HomePage_LinksSatus status=FAILURE method=TC_001_HomePageLinkValidationTest.Test_HomePage_LinksSatus()[pri:0, instance:com.NordicNaturals.TestCases.TC_001_HomePageLinkValidationTest@587e5365] output={null}]]]>
              </value>
            </param>
          </params>
          <reporter-output>
          </reporter-output>
        </test-method> <!-- tearDown -->
      </class> <!-- com.NordicNaturals.TestCases.TC_001_HomePageLinkValidationTest -->
    </test> <!-- NN Consumers HomePage Regression -->
  </suite> <!-- Suite -->
</testng-results>
